<?xml version="1.0" encoding="UTF-8"?>
<!-- Generated by org.testng.reporters.JUnitReportReporter -->
<testsuite hostname="DESKTOP-KP126CT" name="com.qa.test.PostAPITest" tests="1" failures="0" timestamp="26 May 2019 09:16:31 GMT" time="5.516" errors="0">
  <testcase name="PostAPITest" time="5.516" classname="com.qa.test.PostAPITest"/>
</testsuite> <!-- com.qa.test.PostAPITest -->
