<?xml version="1.0" encoding="UTF-8"?>
<!-- Generated by org.testng.reporters.JUnitReportReporter -->
<testsuite hostname="DESKTOP-KP126CT" name="com.qa.test.GetAPITest" tests="2" failures="0" timestamp="25 May 2019 18:28:40 GMT" time="5.709" errors="0">
  <testcase name="getTestWithheader" time="0.731" classname="com.qa.test.GetAPITest"/>
  <testcase name="getTest" time="4.978" classname="com.qa.test.GetAPITest"/>
</testsuite> <!-- com.qa.test.GetAPITest -->
